<?xml version="1.0" encoding="UTF-8"?>
<testng-results skipped="0" failed="1" total="2" passed="1">
  <reporter-output>
  </reporter-output>
  <suite name="Default suite" duration-ms="149317" started-at="2017-07-02T08:59:57Z" finished-at="2017-07-02T09:02:27Z">
    <groups>
    </groups>
    <test name="Default test" duration-ms="149317" started-at="2017-07-02T08:59:57Z" finished-at="2017-07-02T09:02:27Z">
      <class name="com.practise.LaunchAppiumServer">
        <test-method status="PASS" signature="startServer()[pri:0, instance:com.practise.LaunchAppiumServer@5f375618]" name="startServer" is-config="true" duration-ms="188" started-at="2017-07-02T14:29:57Z" finished-at="2017-07-02T14:29:58Z">
          <reporter-output>
          </reporter-output>
        </test-method> <!-- startServer -->
        <test-method status="PASS" signature="startingAppiumServer()[pri:0, instance:com.practise.LaunchAppiumServer@5f375618]" name="startingAppiumServer" duration-ms="20774" started-at="2017-07-02T14:29:58Z" finished-at="2017-07-02T14:30:18Z">
          <reporter-output>
          </reporter-output>
        </test-method> <!-- startingAppiumServer -->
        <test-method status="PASS" signature="loginFailed(org.testng.ITestResult)[pri:0, instance:com.practise.LaunchAppiumServer@5f375618]" name="loginFailed" is-config="true" duration-ms="2" started-at="2017-07-02T14:30:18Z" finished-at="2017-07-02T14:30:18Z">
          <params>
            <param index="0">
              <value>
                <![CDATA[[TestResult name=startingAppiumServer status=SUCCESS method=LaunchAppiumServer.startingAppiumServer()[pri:0, instance:com.practise.LaunchAppiumServer@5f375618] output={null}]]]>
              </value>
            </param>
          </params>
          <reporter-output>
          </reporter-output>
        </test-method> <!-- loginFailed -->
        <test-method status="FAIL" signature="loginUserPass()[pri:0, instance:com.practise.LaunchAppiumServer@5f375618]" name="loginUserPass" duration-ms="126257" started-at="2017-07-02T14:30:18Z" finished-at="2017-07-02T14:32:25Z">
          <exception class="org.openqa.selenium.NoSuchElementException">
            <message>
              <![CDATA[An element could not be located on the page using the given search parameters. (WARNING: The server did not provide any stacktrace information)
Command duration or timeout: 100.55 seconds
For documentation on this error, please visit: http://seleniumhq.org/exceptions/no_such_element.html
Build info: version: '3.4.0', revision: 'unknown', time: 'unknown'
System info: host: 'RAJITHAKUMAR', ip: '169.254.89.64', os.name: 'Windows 7', os.arch: 'amd64', os.version: '6.1', java.version: '1.8.0_40'
Driver info: org.openqa.selenium.remote.RemoteWebDriver
Capabilities [{app=F:\Practise\Practise\apkfiles\net.one97.paytm-5.8.1@APK4Fun.com.apk, networkConnectionEnabled=true, noReset=true, warnings={}, app-package=net.one97.paytm, app-activity=net.one97.paytm.AJRJarvisSplash, databaseEnabled=false, deviceName=484ac266, version=6.0.1, platform=WINDOWS, desired={app=F:\Practise\Practise\apkfiles\net.one97.paytm-5.8.1@APK4Fun.com.apk, noReset=true, app-package=net.one97.paytm, app-activity=net.one97.paytm.AJRJarvisSplash, platformName=Android, deviceName=484ac266, version=6.0.1, platform=WINDOWS}, platformVersion=6.0.1, webStorageEnabled=false, locationContextEnabled=false, browserName=Android, takesScreenshot=true, javascriptEnabled=true, platformName=Android}]
Session ID: 78d88d5c-69fd-4e98-a6c0-0cd3009174d1
*** Element info: {Using=id, value=net.one97.paytm:id/name}]]>
            </message>
            <full-stacktrace>
              <![CDATA[org.openqa.selenium.NoSuchElementException: An element could not be located on the page using the given search parameters. (WARNING: The server did not provide any stacktrace information)
Command duration or timeout: 100.55 seconds
For documentation on this error, please visit: http://seleniumhq.org/exceptions/no_such_element.html
Build info: version: '3.4.0', revision: 'unknown', time: 'unknown'
System info: host: 'RAJITHAKUMAR', ip: '169.254.89.64', os.name: 'Windows 7', os.arch: 'amd64', os.version: '6.1', java.version: '1.8.0_40'
Driver info: org.openqa.selenium.remote.RemoteWebDriver
Capabilities [{app=F:\Practise\Practise\apkfiles\net.one97.paytm-5.8.1@APK4Fun.com.apk, networkConnectionEnabled=true, noReset=true, warnings={}, app-package=net.one97.paytm, app-activity=net.one97.paytm.AJRJarvisSplash, databaseEnabled=false, deviceName=484ac266, version=6.0.1, platform=WINDOWS, desired={app=F:\Practise\Practise\apkfiles\net.one97.paytm-5.8.1@APK4Fun.com.apk, noReset=true, app-package=net.one97.paytm, app-activity=net.one97.paytm.AJRJarvisSplash, platformName=Android, deviceName=484ac266, version=6.0.1, platform=WINDOWS}, platformVersion=6.0.1, webStorageEnabled=false, locationContextEnabled=false, browserName=Android, takesScreenshot=true, javascriptEnabled=true, platformName=Android}]
Session ID: 78d88d5c-69fd-4e98-a6c0-0cd3009174d1
*** Element info: {Using=id, value=net.one97.paytm:id/name}
	at sun.reflect.NativeConstructorAccessorImpl.newInstance0(Native Method)
	at sun.reflect.NativeConstructorAccessorImpl.newInstance(Unknown Source)
	at sun.reflect.DelegatingConstructorAccessorImpl.newInstance(Unknown Source)
	at java.lang.reflect.Constructor.newInstance(Unknown Source)
	at org.openqa.selenium.remote.ErrorHandler.createThrowable(ErrorHandler.java:215)
	at org.openqa.selenium.remote.ErrorHandler.throwIfResponseFailed(ErrorHandler.java:167)
	at org.openqa.selenium.remote.RemoteWebDriver.execute(RemoteWebDriver.java:671)
	at org.openqa.selenium.remote.RemoteWebDriver.findElement(RemoteWebDriver.java:410)
	at org.openqa.selenium.remote.RemoteWebDriver.findElementById(RemoteWebDriver.java:453)
	at org.openqa.selenium.By$ById.findElement(By.java:218)
	at org.openqa.selenium.remote.RemoteWebDriver.findElement(RemoteWebDriver.java:402)
	at com.practise.LaunchAppiumServer.loginUserPass(LaunchAppiumServer.java:104)
	at sun.reflect.NativeMethodAccessorImpl.invoke0(Native Method)
	at sun.reflect.NativeMethodAccessorImpl.invoke(Unknown Source)
	at sun.reflect.DelegatingMethodAccessorImpl.invoke(Unknown Source)
	at java.lang.reflect.Method.invoke(Unknown Source)
	at org.testng.internal.MethodInvocationHelper.invokeMethod(MethodInvocationHelper.java:85)
	at org.testng.internal.Invoker.invokeMethod(Invoker.java:659)
	at org.testng.internal.Invoker.invokeTestMethod(Invoker.java:845)
	at org.testng.internal.Invoker.invokeTestMethods(Invoker.java:1153)
	at org.testng.internal.TestMethodWorker.invokeTestMethods(TestMethodWorker.java:125)
	at org.testng.internal.TestMethodWorker.run(TestMethodWorker.java:108)
	at org.testng.TestRunner.privateRun(TestRunner.java:771)
	at org.testng.TestRunner.run(TestRunner.java:621)
	at org.testng.SuiteRunner.runTest(SuiteRunner.java:357)
	at org.testng.SuiteRunner.runSequentially(SuiteRunner.java:352)
	at org.testng.SuiteRunner.privateRun(SuiteRunner.java:310)
	at org.testng.SuiteRunner.run(SuiteRunner.java:259)
	at org.testng.SuiteRunnerWorker.runSuite(SuiteRunnerWorker.java:52)
	at org.testng.SuiteRunnerWorker.run(SuiteRunnerWorker.java:86)
	at org.testng.TestNG.runSuitesSequentially(TestNG.java:1199)
	at org.testng.TestNG.runSuitesLocally(TestNG.java:1124)
	at org.testng.TestNG.run(TestNG.java:1032)
	at org.testng.remote.AbstractRemoteTestNG.run(AbstractRemoteTestNG.java:132)
	at org.testng.remote.RemoteTestNG.initAndRun(RemoteTestNG.java:230)
	at org.testng.remote.RemoteTestNG.main(RemoteTestNG.java:76)
]]>
            </full-stacktrace>
          </exception> <!-- org.openqa.selenium.NoSuchElementException -->
          <reporter-output>
          </reporter-output>
        </test-method> <!-- loginUserPass -->
        <test-method status="PASS" signature="loginFailed(org.testng.ITestResult)[pri:0, instance:com.practise.LaunchAppiumServer@5f375618]" name="loginFailed" is-config="true" duration-ms="1873" started-at="2017-07-02T14:32:25Z" finished-at="2017-07-02T14:32:27Z">
          <params>
            <param index="0">
              <value>
                <![CDATA[[TestResult name=loginUserPass status=FAILURE method=LaunchAppiumServer.loginUserPass()[pri:0, instance:com.practise.LaunchAppiumServer@5f375618] output={null}]]]>
              </value>
            </param>
          </params>
          <reporter-output>
          </reporter-output>
        </test-method> <!-- loginFailed -->
        <test-method status="PASS" signature="endReport()[pri:0, instance:com.practise.LaunchAppiumServer@5f375618]" name="endReport" is-config="true" duration-ms="199" started-at="2017-07-02T14:32:27Z" finished-at="2017-07-02T14:32:27Z">
          <reporter-output>
          </reporter-output>
        </test-method> <!-- endReport -->
      </class> <!-- com.practise.LaunchAppiumServer -->
    </test> <!-- Default test -->
  </suite> <!-- Default suite -->
</testng-results>
